SLF4J: Failed to load class "org.slf4j.impl.StaticLoggerBinder".
SLF4J: Defaulting to no-operation (NOP) logger implementation
SLF4J: See http://www.slf4j.org/codes.html#StaticLoggerBinder for further details.
2020-08-14 10:25:13.344/1.484 Oracle Coherence 12.2.1.4.0 <Info> (thread=main, member=n/a): Loaded operational configuration from "jar:file:/D:/Oracle/Middleware/coherence/lib/coherence.jar!/tangosol-coherence.xml"
2020-08-14 10:25:13.386/1.526 Oracle Coherence 12.2.1.4.0 <Info> (thread=main, member=n/a): Loaded operational overrides from "jar:file:/D:/Oracle/Middleware/coherence/lib/coherence.jar!/tangosol-coherence-override-dev.xml"
2020-08-14 10:25:13.388/1.527 Oracle Coherence 12.2.1.4.0 <Info> (thread=main, member=n/a): Optional configuration override "/tangosol-coherence-override.xml" is not specified
2020-08-14 10:25:13.391/1.530 Oracle Coherence 12.2.1.4.0 <Info> (thread=main, member=n/a): Optional configuration override "cache-factory-config.xml" is not specified
2020-08-14 10:25:13.392/1.532 Oracle Coherence 12.2.1.4.0 <Info> (thread=main, member=n/a): Optional configuration override "cache-factory-builder-config.xml" is not specified
2020-08-14 10:25:13.394/1.533 Oracle Coherence 12.2.1.4.0 <Info> (thread=main, member=n/a): Optional configuration override "/custom-mbeans.xml" is not specified

Oracle Coherence Version 12.2.1.4.0 Build 74888
 Grid Edition: Development mode
Copyright (c) 2000, 2019, Oracle and/or its affiliates. All rights reserved.

2020-08-14 10:25:13.935/2.074 Oracle Coherence GE 12.2.1.4.0 <Info> (thread=main, member=n/a): The cluster name has not been configured, a value of "ssangu's cluster" has been automatically generated
2020-08-14 10:25:14.175/2.314 Oracle Coherence GE 12.2.1.4.0 <Info> (thread=main, member=n/a): Created cache factory com.tangosol.net.ExtensibleConfigurableCacheFactory
Aug 14, 2020 10:25:14 AM oracle.soa.scac.ValidateComposite loadWSDLs
WARNING: Validating WSDLs from WSDLManager....  with option UseSoaInfraMds:false
Aug 14, 2020 10:25:14 AM oracle.fabric.common.wsdl.SchemaManager isIncrementalBuildSupported
INFO: XMLSchema incremental build enabled.
Java HotSpot(TM) 64-Bit Server VM warning: ignoring option PermSize=32m; support was removed in 8.0
Java HotSpot(TM) 64-Bit Server VM warning: ignoring option MaxPermSize=256m; support was removed in 8.0
